<?xml version="1.0" encoding="UTF-8"?>
<testsuite name="IntegrationTesting" tests="1" skipped="0" failures="0" errors="0" timestamp="2020-05-14T14:57:21" hostname="Simons-MBP.broadband" time="15.77">
  <properties/>
  <testcase name="viewPageTesting" classname="IntegrationTesting" time="15.77"/>
  <system-out><![CDATA[15:57:20.810 [Test worker] DEBUG org.springframework.test.annotation.ProfileValueUtils - Retrieved @ProfileValueSourceConfiguration [null] for test class [IntegrationTesting]
15:57:20.827 [Test worker] DEBUG org.springframework.test.annotation.ProfileValueUtils - Retrieved ProfileValueSource type [class org.springframework.test.annotation.SystemProfileValueSource] for class [IntegrationTesting]
15:57:20.830 [Test worker] DEBUG org.springframework.test.annotation.ProfileValueUtils - Retrieved @ProfileValueSourceConfiguration [null] for test class [IntegrationTesting]
15:57:20.830 [Test worker] DEBUG org.springframework.test.annotation.ProfileValueUtils - Retrieved ProfileValueSource type [class org.springframework.test.annotation.SystemProfileValueSource] for class [IntegrationTesting]
15:57:20.851 [Test worker] DEBUG org.springframework.test.context.BootstrapUtils - Instantiating CacheAwareContextLoaderDelegate from class [org.springframework.test.context.cache.DefaultCacheAwareContextLoaderDelegate]
15:57:20.859 [Test worker] DEBUG org.springframework.test.context.BootstrapUtils - Instantiating BootstrapContext using constructor [public org.springframework.test.context.support.DefaultBootstrapContext(java.lang.Class,org.springframework.test.context.CacheAwareContextLoaderDelegate)]
15:57:20.862 [Test worker] DEBUG org.springframework.test.context.BootstrapUtils - Instantiating TestContextBootstrapper for test class [IntegrationTesting] from class [org.springframework.boot.test.context.SpringBootTestContextBootstrapper]
15:57:20.877 [Test worker] INFO org.springframework.boot.test.context.SpringBootTestContextBootstrapper - Neither @ContextConfiguration nor @ContextHierarchy found for test class [IntegrationTesting], using SpringBootContextLoader
15:57:20.885 [Test worker] DEBUG org.springframework.test.context.support.AbstractContextLoader - Did not detect default resource location for test class [IntegrationTesting]: class path resource [IntegrationTesting-context.xml] does not exist
15:57:20.887 [Test worker] DEBUG org.springframework.test.context.support.AbstractContextLoader - Did not detect default resource location for test class [IntegrationTesting]: class path resource [IntegrationTestingContext.groovy] does not exist
15:57:20.890 [Test worker] INFO org.springframework.test.context.support.AbstractContextLoader - Could not detect default resource locations for test class [IntegrationTesting]: no resource found for suffixes {-context.xml, Context.groovy}.
15:57:20.961 [Test worker] DEBUG org.springframework.test.context.support.ActiveProfilesUtils - Could not find an 'annotation declaring class' for annotation type [org.springframework.test.context.ActiveProfiles] and class [IntegrationTesting]
15:57:20.981 [Test worker] DEBUG org.springframework.boot.test.context.SpringBootTestContextBootstrapper - @TestExecutionListeners is not present for class [IntegrationTesting]: using defaults.
15:57:20.987 [Test worker] INFO org.springframework.boot.test.context.SpringBootTestContextBootstrapper - Loaded default TestExecutionListener class names from location [META-INF/spring.factories]: [org.springframework.security.test.context.support.WithSecurityContextTestExecutionListener, org.springframework.boot.test.autoconfigure.restdocs.RestDocsTestExecutionListener, org.springframework.boot.test.autoconfigure.web.client.MockRestServiceServerResetTestExecutionListener, org.springframework.boot.test.autoconfigure.web.servlet.MockMvcPrintOnlyOnFailureTestExecutionListener, org.springframework.boot.test.autoconfigure.web.servlet.WebDriverTestExecutionListener, org.springframework.boot.test.mock.mockito.MockitoTestExecutionListener, org.springframework.boot.test.mock.mockito.ResetMocksTestExecutionListener, org.springframework.test.context.web.ServletTestExecutionListener, org.springframework.test.context.support.DirtiesContextBeforeModesTestExecutionListener, org.springframework.test.context.support.DependencyInjectionTestExecutionListener, org.springframework.test.context.support.DirtiesContextTestExecutionListener, org.springframework.test.context.transaction.TransactionalTestExecutionListener, org.springframework.test.context.jdbc.SqlScriptsTestExecutionListener]
15:57:21.022 [Test worker] INFO org.springframework.boot.test.context.SpringBootTestContextBootstrapper - Using TestExecutionListeners: [org.springframework.test.context.web.ServletTestExecutionListener@1fa4b2d7, org.springframework.test.context.support.DirtiesContextBeforeModesTestExecutionListener@7a6c10db, org.springframework.boot.test.autoconfigure.SpringBootDependencyInjectionTestExecutionListener@107ac9ed, org.springframework.test.context.support.DirtiesContextTestExecutionListener@7f175ce5, org.springframework.test.context.transaction.TransactionalTestExecutionListener@459f6bda, org.springframework.test.context.jdbc.SqlScriptsTestExecutionListener@5f6f517a, org.springframework.security.test.context.support.WithSecurityContextTestExecutionListener@191cdedb, org.springframework.boot.test.autoconfigure.restdocs.RestDocsTestExecutionListener@5c294969, org.springframework.boot.test.autoconfigure.web.client.MockRestServiceServerResetTestExecutionListener@62d6388d, org.springframework.boot.test.autoconfigure.web.servlet.MockMvcPrintOnlyOnFailureTestExecutionListener@4797512c, org.springframework.boot.test.autoconfigure.web.servlet.WebDriverTestExecutionListener@3802a503, org.springframework.boot.test.mock.mockito.MockitoTestExecutionListener@2e76d16b, org.springframework.boot.test.mock.mockito.ResetMocksTestExecutionListener@7db78678]
15:57:21.238 [Test worker] DEBUG org.springframework.test.context.support.AbstractDirtiesContextTestExecutionListener - Before test class: context [DefaultTestContext@66754f85 testClass = IntegrationTesting, testInstance = [null], testMethod = [null], testException = [null], mergedContextConfiguration = [WebMergedContextConfiguration@18eaf04c testClass = IntegrationTesting, locations = '{}', classes = '{class autorota.AutorotaApplication, class autorota.SecurityConfig, class autorota.controller.AuthenticationController, class autorota.WebConfig, class autorota.services.CustomUserDetailsService, class autorota.controller.AvailabilityController, class autorota.controller.RotaController, class autorota.AutorotaApplication, class autorota.SecurityConfig, class autorota.controller.AuthenticationController, class autorota.WebConfig, class autorota.services.CustomUserDetailsService, class autorota.controller.AvailabilityController, class autorota.controller.RotaController}', contextInitializerClasses = '[]', activeProfiles = '{}', propertySourceLocations = '{}', propertySourceProperties = '{org.springframework.boot.test.context.SpringBootTestContextBootstrapper=true, server.port=0}', contextCustomizers = set[org.springframework.boot.test.autoconfigure.properties.PropertyMappingContextCustomizer@e7e8512, org.springframework.boot.test.autoconfigure.web.servlet.WebDriverContextCustomizerFactory$Customizer@68fa43c3, [ImportsContextCustomizer@3b6b895 key = [org.springframework.boot.test.autoconfigure.web.servlet.MockMvcAutoConfiguration, org.springframework.boot.test.autoconfigure.web.servlet.MockMvcSecurityAutoConfiguration, org.springframework.boot.test.autoconfigure.web.servlet.MockMvcWebClientAutoConfiguration, org.springframework.boot.test.autoconfigure.web.servlet.MockMvcWebDriverAutoConfiguration]], org.springframework.boot.test.context.SpringBootTestContextCustomizer@2989d4a, org.springframework.boot.test.context.filter.ExcludeFilterContextCustomizer@53c225b2, org.springframework.boot.test.json.DuplicateJsonObjectContextCustomizerFactory$DuplicateJsonObjectContextCustomizer@2438f0d, org.springframework.boot.test.mock.mockito.MockitoContextCustomizer@49a5563e], resourceBasePath = 'src/main/webapp', contextLoader = 'org.springframework.boot.test.context.SpringBootContextLoader', parent = [null]]], class annotated with @DirtiesContext [false] with mode [null].
15:57:21.264 [Test worker] DEBUG org.springframework.test.context.support.DependencyInjectionTestExecutionListener - Performing dependency injection for test context [[DefaultTestContext@66754f85 testClass = IntegrationTesting, testInstance = IntegrationTesting@2ac90cf3, testMethod = [null], testException = [null], mergedContextConfiguration = [WebMergedContextConfiguration@18eaf04c testClass = IntegrationTesting, locations = '{}', classes = '{class autorota.AutorotaApplication, class autorota.SecurityConfig, class autorota.controller.AuthenticationController, class autorota.WebConfig, class autorota.services.CustomUserDetailsService, class autorota.controller.AvailabilityController, class autorota.controller.RotaController, class autorota.AutorotaApplication, class autorota.SecurityConfig, class autorota.controller.AuthenticationController, class autorota.WebConfig, class autorota.services.CustomUserDetailsService, class autorota.controller.AvailabilityController, class autorota.controller.RotaController}', contextInitializerClasses = '[]', activeProfiles = '{}', propertySourceLocations = '{}', propertySourceProperties = '{org.springframework.boot.test.context.SpringBootTestContextBootstrapper=true, server.port=0}', contextCustomizers = set[org.springframework.boot.test.autoconfigure.properties.PropertyMappingContextCustomizer@e7e8512, org.springframework.boot.test.autoconfigure.web.servlet.WebDriverContextCustomizerFactory$Customizer@68fa43c3, [ImportsContextCustomizer@3b6b895 key = [org.springframework.boot.test.autoconfigure.web.servlet.MockMvcAutoConfiguration, org.springframework.boot.test.autoconfigure.web.servlet.MockMvcSecurityAutoConfiguration, org.springframework.boot.test.autoconfigure.web.servlet.MockMvcWebClientAutoConfiguration, org.springframework.boot.test.autoconfigure.web.servlet.MockMvcWebDriverAutoConfiguration]], org.springframework.boot.test.context.SpringBootTestContextCustomizer@2989d4a, org.springframework.boot.test.context.filter.ExcludeFilterContextCustomizer@53c225b2, org.springframework.boot.test.json.DuplicateJsonObjectContextCustomizerFactory$DuplicateJsonObjectContextCustomizer@2438f0d, org.springframework.boot.test.mock.mockito.MockitoContextCustomizer@49a5563e], resourceBasePath = 'src/main/webapp', contextLoader = 'org.springframework.boot.test.context.SpringBootContextLoader', parent = [null]]]].
15:57:21.327 [Test worker] DEBUG org.springframework.core.env.StandardEnvironment - Adding PropertySource 'systemProperties' with lowest search precedence
15:57:21.327 [Test worker] DEBUG org.springframework.core.env.StandardEnvironment - Adding PropertySource 'systemEnvironment' with lowest search precedence
15:57:21.328 [Test worker] DEBUG org.springframework.core.env.StandardEnvironment - Initialized StandardEnvironment with PropertySources [MapPropertySource@1718464962 {name='systemProperties', properties={java.runtime.name=Java(TM) SE Runtime Environment, sun.boot.library.path=/Library/Java/JavaVirtualMachines/jdk1.8.0_151.jdk/Contents/Home/jre/lib, java.vm.version=25.151-b12, gopherProxySet=false, java.vm.vendor=Oracle Corporation, java.vendor.url=http://java.oracle.com/, path.separator=:, java.vm.name=Java HotSpot(TM) 64-Bit Server VM, file.encoding.pkg=sun.io, sun.java.launcher=SUN_STANDARD, user.country=GB, sun.os.patch.level=unknown, java.vm.specification.name=Java Virtual Machine Specification, user.dir=/Users/simonfkings/svn/sfk7/code/trunk, java.runtime.version=1.8.0_151-b12, java.awt.graphicsenv=sun.awt.CGraphicsEnvironment, java.endorsed.dirs=/Library/Java/JavaVirtualMachines/jdk1.8.0_151.jdk/Contents/Home/jre/lib/endorsed, os.arch=x86_64, java.io.tmpdir=/var/folders/b2/b446mrcd64n437v09z54qtgc0000gn/T/, line.separator=
, java.vm.specification.vendor=Oracle Corporation, user.variant=, os.name=Mac OS X, sun.jnu.encoding=UTF-8, java.library.path=/Users/simonfkings/Library/Java/Extensions:/Library/Java/Extensions:/Network/Library/Java/Extensions:/System/Library/Java/Extensions:/usr/lib/java:., java.specification.name=Java Platform API Specification, java.class.version=52.0, org.gradle.native=false, sun.management.compiler=HotSpot 64-Bit Tiered Compilers, os.version=10.15.2, http.nonProxyHosts=local|*.local|169.254/16|*.169.254/16, user.home=/Users/simonfkings, user.timezone=Europe/London, java.awt.printerjob=sun.lwawt.macosx.CPrinterJob, file.encoding=UTF-8, java.specification.version=1.8, java.class.path=/Users/simonfkings/svn/sfk7/code/trunk/build/classes/java/test:/Users/simonfkings/svn/sfk7/code/trunk/build/classes/groovy/test:/Users/simonfkings/svn/sfk7/code/trunk/build/resources/test:/Users/simonfkings/svn/sfk7/code/trunk/build/classes/java/main:/Users/simonfkings/svn/sfk7/code/trunk/build/classes/groovy/main:/Users/simonfkings/svn/sfk7/code/trunk/build/resources/main:/Users/simonfkings/.gradle/caches/modules-2/files-2.1/org.springframework.boot/spring-boot-starter-web/1.5.10.RELEASE/8bc445f3ee81e5322e46b28cbb33bca1800b69d9/spring-boot-starter-web-1.5.10.RELEASE.jar:/Users/simonfkings/.gradle/caches/modules-2/files-2.1/org.springframework.boot/spring-boot-devtools/1.5.10.RELEASE/64a5e292f913e4b782954765778e6f6910c0208c/spring-boot-devtools-1.5.10.RELEASE.jar:/Users/simonfkings/.gradle/caches/modules-2/files-2.1/org.apache.tomcat.embed/tomcat-embed-jasper/9.0.0.M26/7d1a03806a727dc3c83c74b9dc8998214d4643f3/tomcat-embed-jasper-9.0.0.M26.jar:/Users/simonfkings/.gradle/caches/modules-2/files-2.1/javax.servlet/jstl/1.2/74aca283cd4f4b4f3e425f5820cda58f44409547/jstl-1.2.jar:/Users/simonfkings/.gradle/caches/modules-2/files-2.1/org.webjars/bootstrap/3.3.7/d6aeba80236573ed585baa657dac2b951caa8e7e/bootstrap-3.3.7.jar:/Users/simonfkings/.gradle/caches/modules-2/files-2.1/org.springframework.boot/spring-boot-starter-data-jpa/1.5.10.RELEASE/ca30f9060231d3161d325580098d326754a2f4e1/spring-boot-starter-data-jpa-1.5.10.RELEASE.jar:/Users/simonfkings/.gradle/caches/modules-2/files-2.1/org.springframework.boot/spring-boot-starter-security/1.5.10.RELEASE/92fd7261c5cd66b95854bb7d90c131b19e394412/spring-boot-starter-security-1.5.10.RELEASE.jar:/Users/simonfkings/.gradle/caches/modules-2/files-2.1/org.springframework.security/spring-security-taglibs/4.2.3.RELEASE/2773f1fe0f3b4cb52251b49975eab789f92c50a9/spring-security-taglibs-4.2.3.RELEASE.jar:/Users/simonfkings/.gradle/caches/modules-2/files-2.1/com.squareup.okhttp/okhttp/2.5.0/4de2b4ed3445c37ec1720a7d214712e845a24636/okhttp-2.5.0.jar:/Users/simonfkings/.gradle/caches/modules-2/files-2.1/org.json/json/20171018/36ced462c97f0845b4a7b266a25cebe95d18baa3/json-20171018.jar:/Users/simonfkings/.gradle/caches/modules-2/files-2.1/nz.ac.waikato.cms.weka/weka-stable/3.8.0/5f6547867e775b416982cdcaa2dbef67855a6669/weka-stable-3.8.0.jar:/Users/simonfkings/.gradle/caches/modules-2/files-2.1/mysql/mysql-connector-java/5.1.45/ee64ec436a87c35362176ea300d69c912d1cbeac/mysql-connector-java-5.1.45.jar:/Users/simonfkings/.gradle/caches/modules-2/files-2.1/com.h2database/h2/1.4.196/dd0034398d593aa3588c6773faac429bbd9aea0e/h2-1.4.196.jar:/Users/simonfkings/.gradle/caches/modules-2/files-2.1/org.springframework.boot/spring-boot-starter-test/1.5.10.RELEASE/d4e1be51061d71b55f4bd4458d8437d1b943a70/spring-boot-starter-test-1.5.10.RELEASE.jar:/Users/simonfkings/.gradle/caches/modules-2/files-2.1/org.springframework.security/spring-security-test/4.1.1.RELEASE/fe3229e0cbb7250ad4638d125c6b194a78f408a0/spring-security-test-4.1.1.RELEASE.jar:/Users/simonfkings/.gradle/caches/modules-2/files-2.1/org.spockframework/spock-spring/1.1-groovy-2.4/ba2e752469f955e76cfdb61cd64a36089619e05f/spock-spring-1.1-groovy-2.4.jar:/Users/simonfkings/.gradle/caches/modules-2/files-2.1/org.spockframework/spock-core/1.1-groovy-2.4/1c42014d4a18995d5d4aa10a4e060e88f60fdf78/spock-core-1.1-groovy-2.4.jar:/Users/simonfkings/.gradle/caches/modules-2/files-2.1/org.codehaus.groovy/groovy-all/2.4.4/b22748b6cf9a38c9777792175507a679043cdd64/groovy-all-2.4.4.jar:/Users/simonfkings/.gradle/caches/modules-2/files-2.1/junit/junit/4.12/2973d150c0dc1fefe998f834810d68f278ea58ec/junit-4.12.jar:/Users/simonfkings/.gradle/caches/modules-2/files-2.1/org.hamcrest/hamcrest-library/1.3/4785a3c21320980282f9f33d0d1264a69040538f/hamcrest-library-1.3.jar:/Users/simonfkings/.gradle/caches/modules-2/files-2.1/org.mockito/mockito-core/1.10.19/e8546f5bef4e061d8dd73895b4e8f40e3fe6effe/mockito-core-1.10.19.jar:/Users/simonfkings/.gradle/caches/modules-2/files-2.1/org.hamcrest/hamcrest-core/1.3/42a25dc3219429f0e5d060061f71acb49bf010a0/hamcrest-core-1.3.jar:/Users/simonfkings/.gradle/caches/modules-2/files-2.1/org.springframework.boot/spring-boot-starter-aop/1.5.10.RELEASE/2e58fd451d9e89a539a2c15efc5089d81dd7a686/spring-boot-starter-aop-1.5.10.RELEASE.jar:/Users/simonfkings/.gradle/caches/modules-2/files-2.1/org.springframework.boot/spring-boot-starter-jdbc/1.5.10.RELEASE/f78396b57f70a0ca8422bcbe8959aa49baf49023/spring-boot-starter-jdbc-1.5.10.RELEASE.jar:/Users/simonfkings/.gradle/caches/modules-2/files-2.1/org.springframework.boot/spring-boot-starter/1.5.10.RELEASE/d935ac98f84c1d97d7ccd702d21abdc236fa7aa0/spring-boot-starter-1.5.10.RELEASE.jar:/Users/simonfkings/.gradle/caches/modules-2/files-2.1/org.springframework.boot/spring-boot-starter-tomcat/1.5.10.RELEASE/11e474e265f1c68fc435dddbac42ab3574b5e4b6/spring-boot-starter-tomcat-1.5.10.RELEASE.jar:/Users/simonfkings/.gradle/caches/modules-2/files-2.1/org.hibernate/hibernate-validator/5.3.6.Final/4c730be8bf55a8e9a61e79a2f2c079abf48b718/hibernate-validator-5.3.6.Final.jar:/Users/simonfkings/.gradle/caches/modules-2/files-2.1/com.fasterxml.jackson.core/jackson-databind/2.8.10/f7b83cb2bc4b88d53961e749e1ad32f49ef017b7/jackson-databind-2.8.10.jar:/Users/simonfkings/.gradle/caches/modules-2/files-2.1/org.springframework/spring-webmvc/4.3.14.RELEASE/1571eab8a807005d424ca16fedd54b1f439787b2/spring-webmvc-4.3.14.RELEASE.jar:/Users/simonfkings/.gradle/caches/modules-2/files-2.1/org.springframework.security/spring-security-web/4.2.4.RELEASE/939ba20911e1c12b288dde665ba1d4d6925a85e4/spring-security-web-4.2.4.RELEASE.jar:/Users/simonfkings/.gradle/caches/modules-2/files-2.1/org.springframework/spring-web/4.3.14.RELEASE/a0c3bf3ad661db185675bd5af350f35ed11f0903/spring-web-4.3.14.RELEASE.jar:/Users/simonfkings/.gradle/caches/modules-2/files-2.1/org.springframework.boot/spring-boot-test-autoconfigure/1.5.10.RELEASE/55242f7c194fb141de8460a92e92b716469fc3a8/spring-boot-test-autoconfigure-1.5.10.RELEASE.jar:/Users/simonfkings/.gradle/caches/modules-2/files-2.1/org.springframework.boot/spring-boot-autoconfigure/1.5.10.RELEASE/be96efab0d35181f18c486b0ec8d6a41a7042fce/spring-boot-autoconfigure-1.5.10.RELEASE.jar:/Users/simonfkings/.gradle/caches/modules-2/files-2.1/org.springframework.boot/spring-boot-test/1.5.10.RELEASE/b7f28e8896906f0bbbb951727a7c5581c562d1c9/spring-boot-test-1.5.10.RELEASE.jar:/Users/simonfkings/.gradle/caches/modules-2/files-2.1/org.springframework.boot/spring-boot/1.5.10.RELEASE/594b3efa04829f62754a19f59f81ba204636167a/spring-boot-1.5.10.RELEASE.jar:/Users/simonfkings/.gradle/caches/modules-2/files-2.1/org.apache.tomcat.embed/tomcat-embed-websocket/8.5.27/3cba1c5187a17b0233de5712024d6e144036ba9a/tomcat-embed-websocket-8.5.27.jar:/Users/simonfkings/.gradle/caches/modules-2/files-2.1/org.apache.tomcat.embed/tomcat-embed-core/8.5.27/a10612f0af27c7bfcc4e8d88393adad1fc5b4ece/tomcat-embed-core-8.5.27.jar:/Users/simonfkings/.gradle/caches/modules-2/files-2.1/org.apache.tomcat.embed/tomcat-embed-el/8.5.27/5a591bcf5c930d2b37bb40c0f95180604a3b1a57/tomcat-embed-el-8.5.27.jar:/Users/simonfkings/.gradle/caches/modules-2/files-2.1/org.eclipse.jdt/ecj/3.12.3/ade950992eb3caf6ab4f1a88706c755f0bf213d9/ecj-3.12.3.jar:/Users/simonfkings/.gradle/caches/modules-2/files-2.1/org.webjars/jquery/1.11.1/195eda53ac8beba7bff08f9919b48c954c858590/jquery-1.11.1.jar:/Users/simonfkings/.gradle/caches/modules-2/files-2.1/org.hibernate/hibernate-entitymanager/5.0.12.Final/302a526f5058290e9cbd719a5caf9f248d344719/hibernate-entitymanager-5.0.12.Final.jar:/Users/simonfkings/.gradle/caches/modules-2/files-2.1/org.hibernate/hibernate-core/5.0.12.Final/e58bf1c660e6706d8e2cbb53bae110f574366102/hibernate-core-5.0.12.Final.jar:/Users/simonfkings/.gradle/caches/modules-2/files-2.1/javax.transaction/javax.transaction-api/1.2/d81aff979d603edd90dcd8db2abc1f4ce6479e3e/javax.transaction-api-1.2.jar:/Users/simonfkings/.gradle/caches/modules-2/files-2.1/org.springframework.data/spring-data-jpa/1.11.10.RELEASE/82ec646adc5d33b7b1d8f52e90c0ea030f0888ca/spring-data-jpa-1.11.10.RELEASE.jar:/Users/simonfkings/.gradle/caches/modules-2/files-2.1/org.springframework/spring-aspects/4.3.14.RELEASE/e2d10895e7142dd4c5e979407fe4539146429618/spring-aspects-4.3.14.RELEASE.jar:/Users/simonfkings/.gradle/caches/modules-2/files-2.1/org.springframework.security/spring-security-config/4.2.4.RELEASE/309ce9b5bb4b1aee06e67517dabfd568b59678cf/spring-security-config-4.2.4.RELEASE.jar:/Users/simonfkings/.gradle/caches/modules-2/files-2.1/org.springframework.security/spring-security-acl/4.2.4.RELEASE/89fc5b6172c1827becd4a42833faaae2a9013a74/spring-security-acl-4.2.4.RELEASE.jar:/Users/simonfkings/.gradle/caches/modules-2/files-2.1/org.springframework.security/spring-security-core/4.2.4.RELEASE/ce6b196526d5029a349897cd0b583dcf93af144/spring-security-core-4.2.4.RELEASE.jar:/Users/simonfkings/.gradle/caches/modules-2/files-2.1/org.springframework/spring-context/4.3.14.RELEASE/e50a712960926c30e537ef4a633f5d9dd5a8b155/spring-context-4.3.14.RELEASE.jar:/Users/simonfkings/.gradle/caches/modules-2/files-2.1/org.springframework/spring-aop/4.3.14.RELEASE/dfe55b0592aead8e3eb0e6a4e98db433b9e09bd7/spring-aop-4.3.14.RELEASE.jar:/Users/simonfkings/.gradle/caches/modules-2/files-2.1/org.springframework/spring-orm/4.3.14.RELEASE/721bc451d02070954ebee039d419b410c4697fcb/spring-orm-4.3.14.RELEASE.jar:/Users/simonfkings/.gradle/caches/modules-2/files-2.1/org.springframework/spring-jdbc/4.3.14.RELEASE/1b1b9045d9ec1e067d99bf158210e9e7cf2ebfd2/spring-jdbc-4.3.14.RELEASE.jar:/Users/simonfkings/.gradle/caches/modules-2/files-2.1/org.springframework.data/spring-data-commons/1.13.10.RELEASE/b732245a0902b561b0c33e54cd0f382e9ac444ed/spring-data-commons-1.13.10.RELEASE.jar:/Users/simonfkings/.gradle/caches/modules-2/files-2.1/org.springframework/spring-tx/4.3.14.RELEASE/1c9449fcb805837db3c706eab4c729f89688a267/spring-tx-4.3.14.RELEASE.jar:/Users/simonfkings/.gradle/caches/modules-2/files-2.1/org.springframework/spring-beans/4.3.14.RELEASE/7bcd17a68dd64e9447d7bff2c42ba7417678596e/spring-beans-4.3.14.RELEASE.jar:/Users/simonfkings/.gradle/caches/modules-2/files-2.1/org.springframework/spring-expression/4.3.14.RELEASE/58477b44debcb49b09e962e3047ee74c2c033e89/spring-expression-4.3.14.RELEASE.jar:/Users/simonfkings/.gradle/caches/modules-2/files-2.1/org.springframework/spring-test/4.3.14.RELEASE/1a7f6f51a263a3e09e94403653348b3864412c53/spring-test-4.3.14.RELEASE.jar:/Users/simonfkings/.gradle/caches/modules-2/files-2.1/org.springframework/spring-core/4.3.14.RELEASE/c70ddb6204457a802d1f6882d65bca3e5b3c41df/spring-core-4.3.14.RELEASE.jar:/Users/simonfkings/.gradle/caches/modules-2/files-2.1/com.squareup.okio/okio/1.6.0/98476622f10715998eacf9240d6b479f12c66143/okio-1.6.0.jar:/Users/simonfkings/.gradle/caches/modules-2/files-2.1/nz.ac.waikato.cms.weka.thirdparty/java-cup-11b/2015.03.26/6e97c5abd2e76d83220f09f72de0b89b6de18dc1/java-cup-11b-2015.03.26.jar:/Users/simonfkings/.gradle/caches/modules-2/files-2.1/nz.ac.waikato.cms.weka.thirdparty/java-cup-11b-runtime/2015.03.26/5466fad5c5866f33e3230c30ca623e7e8deff1f8/java-cup-11b-runtime-2015.03.26.jar:/Users/simonfkings/.gradle/caches/modules-2/files-2.1/nz.ac.waikato.cms.weka.thirdparty/bounce/0.18/d774f9a0aa5cbe08dea8907720c64c417aed861/bounce-0.18.jar:/Users/simonfkings/.gradle/caches/modules-2/files-2.1/com.googlecode.matrix-toolkits-java/mtj/1.0.4/e14ed840ff5e15de92dba2d1af29201fa70a0f35/mtj-1.0.4.jar:/Users/simonfkings/.gradle/caches/modules-2/files-2.1/com.github.fommil.netlib/all/1.1.2/f235011206ac009adad2d6607f222649aba5ca9e/all-1.1.2.pom:/Users/simonfkings/.gradle/caches/modules-2/files-2.1/com.googlecode.netlib-java/netlib-java/1.1/4a9c3b55b23430e5a6ad86101a88aea500ba8086/netlib-java-1.1.jar:/Users/simonfkings/.gradle/caches/modules-2/files-2.1/com.github.fommil.netlib/netlib-native_ref-osx-x86_64/1.1/80da53ec862f283dc3b191b9dbd3166ea6671831/netlib-native_ref-osx-x86_64-1.1-natives.jar:/Users/simonfkings/.gradle/caches/modules-2/files-2.1/com.github.fommil.netlib/netlib-native_ref-linux-x86_64/1.1/5a3e5787d03c39790d5ae08cce189dd1ccc4a38/netlib-native_ref-linux-x86_64-1.1-natives.jar:/Users/simonfkings/.gradle/caches/modules-2/files-2.1/com.github.fommil.netlib/netlib-native_ref-linux-i686/1.1/eedd845b214aea560bce317d778ebb52f8f46038/netlib-native_ref-linux-i686-1.1-natives.jar:/Users/simonfkings/.gradle/caches/modules-2/files-2.1/com.github.fommil.netlib/netlib-native_ref-win-x86_64/1.1/4ab54511c2844546279d9f8e427c73953b794686/netlib-native_ref-win-x86_64-1.1-natives.jar:/Users/simonfkings/.gradle/caches/modules-2/files-2.1/com.github.fommil.netlib/netlib-native_ref-win-i686/1.1/167fb794a26cb0bfc74890c704c7137b1d5b50fd/netlib-native_ref-win-i686-1.1-natives.jar:/Users/simonfkings/.gradle/caches/modules-2/files-2.1/com.github.fommil.netlib/netlib-native_ref-linux-armhf/1.1/ec467162f74710fd8897cff6888534ceaf297d9a/netlib-native_ref-linux-armhf-1.1-natives.jar:/Users/simonfkings/.gradle/caches/modules-2/files-2.1/com.github.fommil.netlib/native_ref-java/1.1/408c71ffbc3646dda7bee1e22bf19101e5e9ee90/native_ref-java-1.1.jar:/Users/simonfkings/.gradle/caches/modules-2/files-2.1/com.github.fommil.netlib/netlib-native_system-osx-x86_64/1.1/d724e33675dc8eaa5c8fcb05a3aaca6f3339afa7/netlib-native_system-osx-x86_64-1.1-natives.jar:/Users/simonfkings/.gradle/caches/modules-2/files-2.1/com.github.fommil.netlib/netlib-native_system-linux-x86_64/1.1/163e88facabe7fa29952890dc2d3429e28501120/netlib-native_system-linux-x86_64-1.1-natives.jar:/Users/simonfkings/.gradle/caches/modules-2/files-2.1/com.github.fommil.netlib/netlib-native_system-linux-i686/1.1/dd43225560dbd9115d306f9be3ca195aed236b78/netlib-native_system-linux-i686-1.1-natives.jar:/Users/simonfkings/.gradle/caches/modules-2/files-2.1/com.github.fommil.netlib/netlib-native_system-linux-armhf/1.1/27ae9f6a9c88b3f8d12ffa52d62941615f8ed416/netlib-native_system-linux-armhf-1.1-natives.jar:/Users/simonfkings/.gradle/caches/modules-2/files-2.1/com.github.fommil.netlib/netlib-native_system-win-x86_64/1.1/222c7915be1daf1c26a4206f375d4957ae5f9d81/netlib-native_system-win-x86_64-1.1-natives.jar:/Users/simonfkings/.gradle/caches/modules-2/files-2.1/com.github.fommil.netlib/netlib-native_system-win-i686/1.1/c25fd1881cf93f7716f47b7deec859f6b6b7be50/netlib-native_system-win-i686-1.1-natives.jar:/Users/simonfkings/.gradle/caches/modules-2/files-2.1/com.github.fommil.netlib/native_system-java/1.1/3c6a2455f96b354a6940dce1393abb35ed7641da/native_system-java-1.1.jar:/Users/simonfkings/.gradle/caches/modules-2/files-2.1/com.github.fommil.netlib/core/1.1.2/574b480eca62f535fad6d259e144fee3ef24b66e/core-1.1.2.jar:/Users/simonfkings/.gradle/caches/modules-2/files-2.1/net.sourceforge.f2j/arpack_combined_all/0.1/225619a060b42605b4d9fd4af11815664abf26eb/arpack_combined_all-0.1.jar:/Users/simonfkings/.gradle/caches/modules-2/files-2.1/com.jayway.jsonpath/json-path/2.2.0/22290d17944bd239fabf5ac69005a60a7ecbbbcb/json-path-2.2.0.jar:/Users/simonfkings/.gradle/caches/modules-2/files-2.1/org.assertj/assertj-core/2.6.0/b532c3fc4f66bcfee4989a3514f1cd56203a33ad/assertj-core-2.6.0.jar:/Users/simonfkings/.gradle/caches/modules-2/files-2.1/org.skyscreamer/jsonassert/1.4.0/9cdbb373a06f6513e51e8c545ee6a5e981463edb/jsonassert-1.4.0.jar:/Users/simonfkings/.gradle/caches/modules-2/files-2.1/org.springframework.boot/spring-boot-starter-logging/1.5.10.RELEASE/62c73688208b3173645d6701fc3eb95ca657e6c8/spring-boot-starter-logging-1.5.10.RELEASE.jar:/Users/simonfkings/.gradle/caches/modules-2/files-2.1/org.yaml/snakeyaml/1.17/7a27ea250c5130b2922b86dea63cbb1cc10a660c/snakeyaml-1.17.jar:/Users/simonfkings/.gradle/caches/modules-2/files-2.1/javax.validation/validation-api/1.1.0.Final/8613ae82954779d518631e05daa73a6a954817d5/validation-api-1.1.0.Final.jar:/Users/simonfkings/.gradle/caches/modules-2/files-2.1/org.hibernate.common/hibernate-commons-annotations/5.0.1.Final/71e1cff3fcb20d3b3af4f3363c3ddb24d33c6879/hibernate-commons-annotations-5.0.1.Final.jar:/Users/simonfkings/.gradle/caches/modules-2/files-2.1/org.jboss.logging/jboss-logging/3.3.1.Final/c46217ab74b532568c0ed31dc599db3048bd1b67/jboss-logging-3.3.1.Final.jar:/Users/simonfkings/.gradle/caches/modules-2/files-2.1/com.fasterxml/classmate/1.3.4/3d5f48f10bbe4eb7bd862f10c0583be2e0053c6/classmate-1.3.4.jar:/Users/simonfkings/.gradle/caches/modules-2/files-2.1/com.fasterxml.jackson.core/jackson-annotations/2.8.0/45b426f7796b741035581a176744d91090e2e6fb/jackson-annotations-2.8.0.jar:/Users/simonfkings/.gradle/caches/modules-2/files-2.1/com.fasterxml.jackson.core/jackson-core/2.8.10/eb21a035c66ad307e66ec8fce37f5d50fd62d039/jackson-core-2.8.10.jar:/Users/simonfkings/.gradle/caches/modules-2/files-2.1/org.apache.tomcat/tomcat-annotations-api/8.5.27/122c0a4acaba72bf4590e83c9fbcb3475c46edc5/tomcat-annotations-api-8.5.27.jar:/Users/simonfkings/.gradle/caches/modules-2/files-2.1/org.aspectj/aspectjweaver/1.8.13/ad94df2a28d658a40dc27bbaff6a1ce5fbf04e9b/aspectjweaver-1.8.13.jar:/Users/simonfkings/.gradle/caches/modules-2/files-2.1/org.apache.tomcat/tomcat-jdbc/8.5.27/f37dfae9e9afb6b2742e04a401e32264c5fec0ec/tomcat-jdbc-8.5.27.jar:/Users/simonfkings/.gradle/caches/modules-2/files-2.1/org.hibernate.javax.persistence/hibernate-jpa-2.1-api/1.0.0.Final/5e731d961297e5a07290bfaf3db1fbc8bbbf405a/hibernate-jpa-2.1-api-1.0.0.Final.jar:/Users/simonfkings/.gradle/caches/modules-2/files-2.1/org.javassist/javassist/3.21.0-GA/598244f595db5c5fb713731eddbb1c91a58d959b/javassist-3.21.0-GA.jar:/Users/simonfkings/.gradle/caches/modules-2/files-2.1/antlr/antlr/2.7.7/83cd2cd674a217ade95a4bb83a8a14f351f48bd0/antlr-2.7.7.jar:/Users/simonfkings/.gradle/caches/modules-2/files-2.1/org.jboss/jandex/2.0.0.Final/3e899258936f94649c777193e1be846387ed54b3/jandex-2.0.0.Final.jar:/Users/simonfkings/.gradle/caches/modules-2/files-2.1/dom4j/dom4j/1.6.1/5d3ccc056b6f056dbf0dddfdf43894b9065a8f94/dom4j-1.6.1.jar:/Users/simonfkings/.gradle/caches/modules-2/files-2.1/org.slf4j/jcl-over-slf4j/1.7.25/f8c32b13ff142a513eeb5b6330b1588dcb2c0461/jcl-over-slf4j-1.7.25.jar:/Users/simonfkings/.gradle/caches/modules-2/files-2.1/ch.qos.logback/logback-classic/1.1.11/ccedfbacef4a6515d2983e3f89ed753d5d4fb665/logback-classic-1.1.11.jar:/Users/simonfkings/.gradle/caches/modules-2/files-2.1/org.slf4j/jul-to-slf4j/1.7.25/af5364cd6679bfffb114f0dec8a157aaa283b76/jul-to-slf4j-1.7.25.jar:/Users/simonfkings/.gradle/caches/modules-2/files-2.1/org.slf4j/log4j-over-slf4j/1.7.25/a87bb47468f47ee7aabbd54f93e133d4215769c3/log4j-over-slf4j-1.7.25.jar:/Users/simonfkings/.gradle/caches/modules-2/files-2.1/org.slf4j/slf4j-api/1.7.25/da76ca59f6a57ee3102f8f9bd9cee742973efa8a/slf4j-api-1.7.25.jar:/Users/simonfkings/.gradle/caches/modules-2/files-2.1/aopalliance/aopalliance/1.0/235ba8b489512805ac13a8f9ea77a1ca5ebe3e8/aopalliance-1.0.jar:/Users/simonfkings/.gradle/caches/modules-2/files-2.1/net.minidev/json-smart/2.2.1/5b9e5df7a62d1279b70dc882b041d249c4f0b002/json-smart-2.2.1.jar:/Users/simonfkings/.gradle/caches/modules-2/files-2.1/org.objenesis/objenesis/2.1/87c0ea803b69252868d09308b4618f766f135a96/objenesis-2.1.jar:/Users/simonfkings/.gradle/caches/modules-2/files-2.1/com.vaadin.external.google/android-json/0.0.20131108.vaadin1/fa26d351fe62a6a17f5cda1287c1c6110dec413f/android-json-0.0.20131108.vaadin1.jar:/Users/simonfkings/.gradle/caches/modules-2/files-2.1/org.apache.tomcat/tomcat-juli/8.5.27/583a08f2f59c6abdd86833b572b9a2f55e61a0f2/tomcat-juli-8.5.27.jar:/Users/simonfkings/.gradle/caches/modules-2/files-2.1/net.minidev/accessors-smart/1.1/a527213f2fea112a04c9bdf0ec0264e34104cd08/accessors-smart-1.1.jar:/Users/simonfkings/.gradle/caches/modules-2/files-2.1/ch.qos.logback/logback-core/1.1.11/88b8df40340eed549fb07e2613879bf6b006704d/logback-core-1.1.11.jar:/Users/simonfkings/.gradle/caches/modules-2/files-2.1/org.ow2.asm/asm/5.0.3/dcc2193db20e19e1feca8b1240dbbc4e190824fa/asm-5.0.3.jar:/Users/simonfkings/.gradle/caches/modules-2/files-2.1/com.github.fommil/jniloader/1.1/4840f897eeb54d67ee14e478f8a45cc9937f3ce1/jniloader-1.1.jar, user.name=simonfkings, java.vm.specification.version=1.8, sun.java.command=worker.org.gradle.process.internal.worker.GradleWorkerMain 'Gradle Test Executor 2', java.home=/Library/Java/JavaVirtualMachines/jdk1.8.0_151.jdk/Contents/Home/jre, sun.arch.data.model=64, user.language=en, java.specification.vendor=Oracle Corporation, awt.toolkit=sun.lwawt.macosx.LWCToolkit, java.vm.info=mixed mode, java.version=1.8.0_151, java.ext.dirs=/Users/simonfkings/Library/Java/Extensions:/Library/Java/JavaVirtualMachines/jdk1.8.0_151.jdk/Contents/Home/jre/lib/ext:/Library/Java/Extensions:/Network/Library/Java/Extensions:/System/Library/Java/Extensions:/usr/lib/java, sun.boot.class.path=/Library/Java/JavaVirtualMachines/jdk1.8.0_151.jdk/Contents/Home/jre/lib/resources.jar:/Library/Java/JavaVirtualMachines/jdk1.8.0_151.jdk/Contents/Home/jre/lib/rt.jar:/Library/Java/JavaVirtualMachines/jdk1.8.0_151.jdk/Contents/Home/jre/lib/sunrsasign.jar:/Library/Java/JavaVirtualMachines/jdk1.8.0_151.jdk/Contents/Home/jre/lib/jsse.jar:/Library/Java/JavaVirtualMachines/jdk1.8.0_151.jdk/Contents/Home/jre/lib/jce.jar:/Library/Java/JavaVirtualMachines/jdk1.8.0_151.jdk/Contents/Home/jre/lib/charsets.jar:/Library/Java/JavaVirtualMachines/jdk1.8.0_151.jdk/Contents/Home/jre/lib/jfr.jar:/Library/Java/JavaVirtualMachines/jdk1.8.0_151.jdk/Contents/Home/jre/classes, java.vendor=Oracle Corporation, org.gradle.test.worker=2, file.separator=/, java.vendor.url.bug=http://bugreport.sun.com/bugreport/, sun.io.unicode.encoding=UnicodeBig, sun.cpu.endian=little, socksNonProxyHosts=local|*.local|169.254/16|*.169.254/16, ftp.nonProxyHosts=local|*.local|169.254/16|*.169.254/16, sun.cpu.isalist=}}, SystemEnvironmentPropertySource@1587676445 {name='systemEnvironment', properties={PATH=/opt/anaconda3/bin:/opt/anaconda3/condabin:/usr/local/bin:/usr/bin:/bin:/usr/sbin:/sbin:/opt/X11/bin, JAVA_MAIN_CLASS_34594=worker.org.gradle.process.internal.worker.GradleWorkerMain, SHELL=/bin/bash, CONDA_DEFAULT_ENV=base, CONDA_EXE=/opt/anaconda3/bin/conda, CONDA_PYTHON_EXE=/opt/anaconda3/bin/python, USER=simonfkings, TMPDIR=/var/folders/b2/b446mrcd64n437v09z54qtgc0000gn/T/, CONDA_PREFIX=/opt/anaconda3, SSH_AUTH_SOCK=/private/tmp/com.apple.launchd.nlyYcqthPP/Listeners, _CE_CONDA=, DISPLAY=/private/tmp/com.apple.launchd.6WqWabfxNO/org.macosforge.xquartz:0, XPC_FLAGS=0x0, _CE_M=, __CF_USER_TEXT_ENCODING=0x1F5:0x0:0x2, CONDA_PROMPT_MODIFIER=(base) , LOGNAME=simonfkings, LC_CTYPE=UTF-8, XPC_SERVICE_NAME=com.jetbrains.intellij.5664, CONDA_SHLVL=1, HOME=/Users/simonfkings}}]
15:57:21.335 [Test worker] DEBUG org.springframework.test.context.support.TestPropertySourceUtils - Adding inlined properties to environment: {spring.jmx.enabled=false, org.springframework.boot.test.context.SpringBootTestContextBootstrapper=true, server.port=0}
15:57:21.336 [Test worker] DEBUG org.springframework.core.env.StandardEnvironment - Adding PropertySource 'Inlined Test Properties' with highest search precedence

  .   ____          _            __ _ _
 /\\ / ___'_ __ _ _(_)_ __  __ _ \ \ \ \
( ( )\___ | '_ | '_| | '_ \/ _` | \ \ \ \
 \\/  ___)| |_)| | | | | || (_| |  ) ) ) )
  '  |____| .__|_| |_|_| |_\__, | / / / /
 =========|_|==============|___/=/_/_/_/
 :: Spring Boot ::       (v1.5.10.RELEASE)

2020-05-14 15:57:21.867  WARN 34594 --- [    Test worker] ory$DuplicateJsonObjectContextCustomizer : 

Found multiple occurrences of org.json.JSONObject on the class path:

	jar:file:/Users/simonfkings/.gradle/caches/modules-2/files-2.1/org.json/json/20171018/36ced462c97f0845b4a7b266a25cebe95d18baa3/json-20171018.jar!/org/json/JSONObject.class
	jar:file:/Users/simonfkings/.gradle/caches/modules-2/files-2.1/com.vaadin.external.google/android-json/0.0.20131108.vaadin1/fa26d351fe62a6a17f5cda1287c1c6110dec413f/android-json-0.0.20131108.vaadin1.jar!/org/json/JSONObject.class

You may wish to exclude one of them to ensure predictable runtime behavior

2020-05-14 15:57:21.891  INFO 34594 --- [    Test worker] IntegrationTesting                       : Starting IntegrationTesting on Simons-MBP.broadband with PID 34594 (/Users/simonfkings/svn/sfk7/code/trunk/build/classes/groovy/test started by simonfkings in /Users/simonfkings/svn/sfk7/code/trunk)
2020-05-14 15:57:21.892  INFO 34594 --- [    Test worker] IntegrationTesting                       : No active profile set, falling back to default profiles: default
2020-05-14 15:57:22.036  INFO 34594 --- [    Test worker] ationConfigEmbeddedWebApplicationContext : Refreshing org.springframework.boot.context.embedded.AnnotationConfigEmbeddedWebApplicationContext@2d95b4cc: startup date [Thu May 14 15:57:22 BST 2020]; root of context hierarchy
2020-05-14 15:57:24.008  INFO 34594 --- [    Test worker] trationDelegate$BeanPostProcessorChecker : Bean 'org.springframework.transaction.annotation.ProxyTransactionManagementConfiguration' of type [org.springframework.transaction.annotation.ProxyTransactionManagementConfiguration$$EnhancerBySpringCGLIB$$828f4371] is not eligible for getting processed by all BeanPostProcessors (for example: not eligible for auto-proxying)
2020-05-14 15:57:24.591  INFO 34594 --- [    Test worker] s.b.c.e.t.TomcatEmbeddedServletContainer : Tomcat initialized with port(s): 0 (https)
2020-05-14 15:57:24.608  INFO 34594 --- [    Test worker] o.apache.catalina.core.StandardService   : Starting service [Tomcat]
2020-05-14 15:57:24.610  INFO 34594 --- [    Test worker] org.apache.catalina.core.StandardEngine  : Starting Servlet Engine: Apache Tomcat/8.5.27
2020-05-14 15:57:24.926  WARN 34594 --- [ost-startStop-1] o.a.tomcat.util.scan.StandardJarScanner  : Failed to scan [file:/Users/simonfkings/.gradle/caches/modules-2/files-2.1/nz.ac.waikato.cms.weka.thirdparty/java-cup-11b/2015.03.26/6e97c5abd2e76d83220f09f72de0b89b6de18dc1/java-cup-11a-runtime.jar] from classloader hierarchy

java.io.FileNotFoundException: /Users/simonfkings/.gradle/caches/modules-2/files-2.1/nz.ac.waikato.cms.weka.thirdparty/java-cup-11b/2015.03.26/6e97c5abd2e76d83220f09f72de0b89b6de18dc1/java-cup-11a-runtime.jar (No such file or directory)
	at java.util.zip.ZipFile.open(Native Method) ~[na:1.8.0_151]
	at java.util.zip.ZipFile.<init>(ZipFile.java:225) ~[na:1.8.0_151]
	at java.util.zip.ZipFile.<init>(ZipFile.java:155) ~[na:1.8.0_151]
	at java.util.jar.JarFile.<init>(JarFile.java:166) ~[na:1.8.0_151]
	at java.util.jar.JarFile.<init>(JarFile.java:130) ~[na:1.8.0_151]
	at org.apache.tomcat.util.compat.JreCompat.jarFileNewInstance(JreCompat.java:188) ~[tomcat-embed-core-8.5.27.jar:8.5.27]
	at org.apache.tomcat.util.scan.JarFileUrlJar.<init>(JarFileUrlJar.java:65) ~[tomcat-embed-core-8.5.27.jar:8.5.27]
	at org.apache.tomcat.util.scan.JarFactory.newInstance(JarFactory.java:49) ~[tomcat-embed-core-8.5.27.jar:8.5.27]
	at org.apache.tomcat.util.scan.StandardJarScanner.process(StandardJarScanner.java:374) [tomcat-embed-core-8.5.27.jar:8.5.27]
	at org.apache.tomcat.util.scan.StandardJarScanner.processURLs(StandardJarScanner.java:309) [tomcat-embed-core-8.5.27.jar:8.5.27]
	at org.apache.tomcat.util.scan.StandardJarScanner.doScanClassPath(StandardJarScanner.java:266) [tomcat-embed-core-8.5.27.jar:8.5.27]
	at org.apache.tomcat.util.scan.StandardJarScanner.scan(StandardJarScanner.java:229) [tomcat-embed-core-8.5.27.jar:8.5.27]
	at org.apache.jasper.servlet.TldScanner.scanJars(TldScanner.java:262) [tomcat-embed-jasper-9.0.0.M26.jar:9.0.0.M26]
	at org.apache.jasper.servlet.TldScanner.scan(TldScanner.java:104) [tomcat-embed-jasper-9.0.0.M26.jar:9.0.0.M26]
	at org.apache.jasper.servlet.JasperInitializer.onStartup(JasperInitializer.java:83) [tomcat-embed-jasper-9.0.0.M26.jar:9.0.0.M26]
	at org.apache.catalina.core.StandardContext.startInternal(StandardContext.java:5196) [tomcat-embed-core-8.5.27.jar:8.5.27]
	at org.apache.catalina.util.LifecycleBase.start(LifecycleBase.java:150) [tomcat-embed-core-8.5.27.jar:8.5.27]
	at org.apache.catalina.core.ContainerBase$StartChild.call(ContainerBase.java:1419) [tomcat-embed-core-8.5.27.jar:8.5.27]
	at org.apache.catalina.core.ContainerBase$StartChild.call(ContainerBase.java:1409) [tomcat-embed-core-8.5.27.jar:8.5.27]
	at java.util.concurrent.FutureTask.run(FutureTask.java:266) [na:1.8.0_151]
	at java.util.concurrent.ThreadPoolExecutor.runWorker(ThreadPoolExecutor.java:1149) [na:1.8.0_151]
	at java.util.concurrent.ThreadPoolExecutor$Worker.run(ThreadPoolExecutor.java:624) [na:1.8.0_151]
	at java.lang.Thread.run(Thread.java:748) [na:1.8.0_151]

2020-05-14 15:57:24.957  INFO 34594 --- [ost-startStop-1] org.apache.jasper.servlet.TldScanner     : At least one JAR was scanned for TLDs yet contained no TLDs. Enable debug logging for this logger for a complete list of JARs that were scanned but no TLDs were found in them. Skipping unneeded JARs during scanning can improve startup time and JSP compilation time.
2020-05-14 15:57:24.991  INFO 34594 --- [ost-startStop-1] o.a.c.c.C.[Tomcat].[localhost].[/]       : Initializing Spring embedded WebApplicationContext
2020-05-14 15:57:25.002  INFO 34594 --- [ost-startStop-1] o.s.web.context.ContextLoader            : Root WebApplicationContext: initialization completed in 2971 ms
2020-05-14 15:57:25.353  INFO 34594 --- [ost-startStop-1] o.s.b.w.servlet.FilterRegistrationBean   : Mapping filter: 'characterEncodingFilter' to: [/*]
2020-05-14 15:57:25.354  INFO 34594 --- [ost-startStop-1] o.s.b.w.servlet.FilterRegistrationBean   : Mapping filter: 'hiddenHttpMethodFilter' to: [/*]
2020-05-14 15:57:25.354  INFO 34594 --- [ost-startStop-1] o.s.b.w.servlet.FilterRegistrationBean   : Mapping filter: 'httpPutFormContentFilter' to: [/*]
2020-05-14 15:57:25.355  INFO 34594 --- [ost-startStop-1] o.s.b.w.servlet.FilterRegistrationBean   : Mapping filter: 'requestContextFilter' to: [/*]
2020-05-14 15:57:25.358  INFO 34594 --- [ost-startStop-1] .s.DelegatingFilterProxyRegistrationBean : Mapping filter: 'springSecurityFilterChain' to: [/*]
2020-05-14 15:57:25.358  INFO 34594 --- [ost-startStop-1] o.s.b.w.servlet.ServletRegistrationBean  : Mapping servlet: 'dispatcherServlet' to [/]
2020-05-14 15:57:25.995  INFO 34594 --- [    Test worker] j.LocalContainerEntityManagerFactoryBean : Building JPA container EntityManagerFactory for persistence unit 'default'
2020-05-14 15:57:26.021  INFO 34594 --- [    Test worker] o.hibernate.jpa.internal.util.LogHelper  : HHH000204: Processing PersistenceUnitInfo [
	name: default
	...]
2020-05-14 15:57:26.137  INFO 34594 --- [    Test worker] org.hibernate.Version                    : HHH000412: Hibernate Core {5.0.12.Final}
2020-05-14 15:57:26.139  INFO 34594 --- [    Test worker] org.hibernate.cfg.Environment            : HHH000206: hibernate.properties not found
2020-05-14 15:57:26.142  INFO 34594 --- [    Test worker] org.hibernate.cfg.Environment            : HHH000021: Bytecode provider name : javassist
2020-05-14 15:57:26.206  INFO 34594 --- [    Test worker] o.hibernate.annotations.common.Version   : HCANN000001: Hibernate Commons Annotations {5.0.1.Final}
2020-05-14 15:57:26.356  INFO 34594 --- [    Test worker] org.hibernate.dialect.Dialect            : HHH000400: Using dialect: org.hibernate.dialect.H2Dialect
2020-05-14 15:57:27.268  INFO 34594 --- [    Test worker] org.hibernate.tool.hbm2ddl.SchemaExport  : HHH000227: Running hbm2ddl schema export
2020-05-14 15:57:27.329  INFO 34594 --- [    Test worker] org.hibernate.tool.hbm2ddl.SchemaExport  : HHH000230: Schema export complete
2020-05-14 15:57:27.386  INFO 34594 --- [    Test worker] j.LocalContainerEntityManagerFactoryBean : Initialized JPA EntityManagerFactory for persistence unit 'default'
2020-05-14 15:57:28.809  INFO 34594 --- [    Test worker] o.s.s.w.a.c.ChannelProcessingFilter      : Validated configuration attributes
2020-05-14 15:57:28.845  INFO 34594 --- [    Test worker] o.s.s.web.DefaultSecurityFilterChain     : Creating filter chain: org.springframework.security.web.util.matcher.AnyRequestMatcher@1, [org.springframework.security.web.access.channel.ChannelProcessingFilter@616292e0, org.springframework.security.web.context.request.async.WebAsyncManagerIntegrationFilter@463bb8ef, org.springframework.security.web.context.SecurityContextPersistenceFilter@104f5cf2, org.springframework.security.web.header.HeaderWriterFilter@31752775, org.springframework.security.web.authentication.logout.LogoutFilter@59256532, org.springframework.security.web.authentication.UsernamePasswordAuthenticationFilter@26c44602, org.springframework.security.web.savedrequest.RequestCacheAwareFilter@2415e198, org.springframework.security.web.servletapi.SecurityContextHolderAwareRequestFilter@43ae5bf5, org.springframework.security.web.authentication.AnonymousAuthenticationFilter@b517b34, org.springframework.security.web.session.SessionManagementFilter@5c734988, org.springframework.security.web.access.ExceptionTranslationFilter@4ed2a6c2, org.springframework.security.web.access.intercept.FilterSecurityInterceptor@73631f5f]
2020-05-14 15:57:28.936  INFO 34594 --- [    Test worker] o.a.c.c.C.[Tomcat].[localhost].[/]       : Initializing Spring FrameworkServlet ''
2020-05-14 15:57:28.936  INFO 34594 --- [    Test worker] o.s.t.web.servlet.TestDispatcherServlet  : FrameworkServlet '': initialization started
2020-05-14 15:57:29.019  INFO 34594 --- [    Test worker] s.w.s.m.m.a.RequestMappingHandlerMapping : Mapped "{[/access-denied],methods=[GET]}" onto public java.lang.String autorota.controller.AuthenticationController.error()
2020-05-14 15:57:29.021  INFO 34594 --- [    Test worker] s.w.s.m.m.a.RequestMappingHandlerMapping : Mapped "{[/user-logout],methods=[GET]}" onto public java.lang.String autorota.controller.AuthenticationController.logout(org.apache.catalina.servlet4preview.http.HttpServletRequest,javax.servlet.http.HttpServletResponse,org.springframework.ui.Model)
2020-05-14 15:57:29.021  INFO 34594 --- [    Test worker] s.w.s.m.m.a.RequestMappingHandlerMapping : Mapped "{[/login],methods=[GET]}" onto public java.lang.String autorota.controller.AuthenticationController.loginForm()
2020-05-14 15:57:29.022  INFO 34594 --- [    Test worker] s.w.s.m.m.a.RequestMappingHandlerMapping : Mapped "{[/error-login],methods=[GET]}" onto public java.lang.String autorota.controller.AuthenticationController.invalidLogin(org.springframework.ui.Model)
2020-05-14 15:57:29.023  INFO 34594 --- [    Test worker] s.w.s.m.m.a.RequestMappingHandlerMapping : Mapped "{[/home],methods=[GET]}" onto public java.lang.String autorota.controller.AuthenticationController.successLogin(org.springframework.ui.Model)
2020-05-14 15:57:29.025  INFO 34594 --- [    Test worker] s.w.s.m.m.a.RequestMappingHandlerMapping : Mapped "{[/availability],methods=[GET]}" onto public java.lang.String autorota.controller.AvailabilityController.availabilityPage(org.springframework.ui.Model)
2020-05-14 15:57:29.026  INFO 34594 --- [    Test worker] s.w.s.m.m.a.RequestMappingHandlerMapping : Mapped "{[/availability/add],methods=[POST]}" onto public java.lang.String autorota.controller.AvailabilityController.addAvailability(org.springframework.ui.Model,autorota.domain.Availability)
2020-05-14 15:57:29.029  INFO 34594 --- [    Test worker] s.w.s.m.m.a.RequestMappingHandlerMapping : Mapped "{[/rota/],methods=[GET],params=[edit]}" onto public java.lang.String autorota.controller.RotaController.editRota(autorota.domain.Rota,org.springframework.ui.Model) throws java.io.IOException
2020-05-14 15:57:29.029  INFO 34594 --- [    Test worker] s.w.s.m.m.a.RequestMappingHandlerMapping : Mapped "{[/rota/today],methods=[GET]}" onto public java.lang.String autorota.controller.RotaController.today(org.springframework.ui.Model) throws java.io.IOException
2020-05-14 15:57:29.030  INFO 34594 --- [    Test worker] s.w.s.m.m.a.RequestMappingHandlerMapping : Mapped "{[/rota/],methods=[GET],params=[view]}" onto public java.lang.String autorota.controller.RotaController.viewRotaPage(org.springframework.ui.Model,autorota.domain.Rota) throws java.io.IOException
2020-05-14 15:57:29.032  INFO 34594 --- [    Test worker] s.w.s.m.m.a.RequestMappingHandlerMapping : Mapped "{[/rota/],methods=[GET],params=[create]}" onto public java.lang.String autorota.controller.RotaController.createRotaPage(org.springframework.ui.Model,autorota.domain.Rota) throws java.lang.Exception
2020-05-14 15:57:29.034  INFO 34594 --- [    Test worker] s.w.s.m.m.a.RequestMappingHandlerMapping : Mapped "{[/rota/add],methods=[POST]}" onto public java.lang.String autorota.controller.RotaController.newRota(autorota.domain.Rota,org.springframework.ui.Model,org.springframework.validation.BindingResult,org.springframework.web.bind.support.SessionStatus) throws java.lang.Exception
2020-05-14 15:57:29.034  INFO 34594 --- [    Test worker] s.w.s.m.m.a.RequestMappingHandlerMapping : Mapped "{[/rota/edited],methods=[POST]}" onto public java.lang.String autorota.controller.RotaController.editedRota(autorota.domain.Rota,org.springframework.ui.Model,org.springframework.validation.BindingResult)
2020-05-14 15:57:29.037  INFO 34594 --- [    Test worker] s.w.s.m.m.a.RequestMappingHandlerMapping : Mapped "{[/booking],methods=[GET]}" onto public java.lang.String autorota.controller.BookingController.bookingPage(org.springframework.ui.Model)
2020-05-14 15:57:29.040  INFO 34594 --- [    Test worker] s.w.s.m.m.a.RequestMappingHandlerMapping : Mapped "{[/booking/new],methods=[POST]}" onto public java.lang.String autorota.controller.BookingController.newBooking(org.springframework.ui.Model,autorota.domain.Booking,org.springframework.validation.BindingResult) throws java.text.ParseException
2020-05-14 15:57:29.045  INFO 34594 --- [    Test worker] s.w.s.m.m.a.RequestMappingHandlerMapping : Mapped "{[/holiday],methods=[GET]}" onto public java.lang.String autorota.controller.HolidayController.holidayPage(org.springframework.ui.Model)
2020-05-14 15:57:29.047  INFO 34594 --- [    Test worker] s.w.s.m.m.a.RequestMappingHandlerMapping : Mapped "{[/holiday/new],methods=[POST]}" onto public java.lang.String autorota.controller.HolidayController.newHoliday(org.springframework.ui.Model,autorota.domain.Holiday,org.springframework.validation.BindingResult)
2020-05-14 15:57:29.050  INFO 34594 --- [    Test worker] s.w.s.m.m.a.RequestMappingHandlerMapping : Mapped "{[/holiday/all],methods=[GET]}" onto public java.lang.String autorota.controller.HolidayController.allHolidays(org.springframework.ui.Model)
2020-05-14 15:57:29.050  INFO 34594 --- [    Test worker] s.w.s.m.m.a.RequestMappingHandlerMapping : Mapped "{[/holiday/approved],methods=[GET]}" onto public java.lang.String autorota.controller.HolidayController.approveHoliday(org.springframework.ui.Model,int)
2020-05-14 15:57:29.052  INFO 34594 --- [    Test worker] s.w.s.m.m.a.RequestMappingHandlerMapping : Mapped "{[/my-profile],methods=[GET]}" onto public java.lang.String autorota.controller.ProfileController.profilePage(org.springframework.ui.Model)
2020-05-14 15:57:29.053  INFO 34594 --- [    Test worker] s.w.s.m.m.a.RequestMappingHandlerMapping : Mapped "{[/my-profile/edit],methods=[POST]}" onto public java.lang.String autorota.controller.ProfileController.editProfile(org.springframework.ui.Model,autorota.domain.UserInfo,org.springframework.validation.BindingResult)
2020-05-14 15:57:29.054  INFO 34594 --- [    Test worker] s.w.s.m.m.a.RequestMappingHandlerMapping : Mapped "{[/register/newUser],methods=[POST]}" onto public java.lang.String autorota.controller.RegisterController.addUser(autorota.domain.UserInfo,org.springframework.ui.Model,org.springframework.validation.BindingResult) throws java.io.IOException
2020-05-14 15:57:29.055  INFO 34594 --- [    Test worker] s.w.s.m.m.a.RequestMappingHandlerMapping : Mapped "{[/register/],methods=[GET]}" onto public java.lang.String autorota.controller.RegisterController.registerForm(org.springframework.ui.Model)
2020-05-14 15:57:29.057  INFO 34594 --- [    Test worker] s.w.s.m.m.a.RequestMappingHandlerMapping : Mapped "{[/settings/save],methods=[POST]}" onto public java.lang.String autorota.controller.SettingsController.saveSettings(org.springframework.ui.Model,autorota.domain.Business,org.springframework.validation.BindingResult)
2020-05-14 15:57:29.057  INFO 34594 --- [    Test worker] s.w.s.m.m.a.RequestMappingHandlerMapping : Mapped "{[/settings],methods=[GET]}" onto public java.lang.String autorota.controller.SettingsController.settingsPage(org.springframework.ui.Model)
2020-05-14 15:57:29.062  INFO 34594 --- [    Test worker] s.w.s.m.m.a.RequestMappingHandlerMapping : Mapped "{[/error]}" onto public org.springframework.http.ResponseEntity<java.util.Map<java.lang.String, java.lang.Object>> org.springframework.boot.autoconfigure.web.BasicErrorController.error(javax.servlet.http.HttpServletRequest)
2020-05-14 15:57:29.062  INFO 34594 --- [    Test worker] s.w.s.m.m.a.RequestMappingHandlerMapping : Mapped "{[/error],produces=[text/html]}" onto public org.springframework.web.servlet.ModelAndView org.springframework.boot.autoconfigure.web.BasicErrorController.errorHtml(javax.servlet.http.HttpServletRequest,javax.servlet.http.HttpServletResponse)
2020-05-14 15:57:29.119  INFO 34594 --- [    Test worker] o.s.w.s.handler.SimpleUrlHandlerMapping  : Mapped URL path [/resources/**] onto handler of type [class org.springframework.web.servlet.resource.ResourceHttpRequestHandler]
2020-05-14 15:57:29.119  INFO 34594 --- [    Test worker] o.s.w.s.handler.SimpleUrlHandlerMapping  : Mapped URL path [/webjars/**] onto handler of type [class org.springframework.web.servlet.resource.ResourceHttpRequestHandler]
2020-05-14 15:57:29.120  INFO 34594 --- [    Test worker] o.s.w.s.handler.SimpleUrlHandlerMapping  : Mapped URL path [/**] onto handler of type [class org.springframework.web.servlet.resource.ResourceHttpRequestHandler]
2020-05-14 15:57:29.125  INFO 34594 --- [    Test worker] o.s.w.s.handler.SimpleUrlHandlerMapping  : Mapped URL path [/**] onto handler of type [class org.springframework.web.servlet.resource.DefaultServletHttpRequestHandler]
2020-05-14 15:57:29.145  INFO 34594 --- [    Test worker] o.s.w.s.handler.SimpleUrlHandlerMapping  : Mapped URL path [/**/favicon.ico] onto handler of type [class org.springframework.web.servlet.resource.ResourceHttpRequestHandler]
2020-05-14 15:57:29.304  INFO 34594 --- [    Test worker] s.w.s.m.m.a.RequestMappingHandlerAdapter : Looking for @ControllerAdvice: org.springframework.boot.context.embedded.AnnotationConfigEmbeddedWebApplicationContext@2d95b4cc: startup date [Thu May 14 15:57:22 BST 2020]; root of context hierarchy
2020-05-14 15:57:29.506  INFO 34594 --- [    Test worker] o.s.t.web.servlet.TestDispatcherServlet  : FrameworkServlet '': initialization completed in 570 ms
2020-05-14 15:57:30.175  INFO 34594 --- [    Test worker] s.b.c.e.t.TomcatEmbeddedServletContainer : Tomcat started on port(s): 60755 (https)
2020-05-14 15:57:30.584  INFO 34594 --- [    Test worker] IntegrationTesting                       : Started IntegrationTesting in 9.244 seconds (JVM running for 16.947)
2020-05-14 15:57:30.726  INFO 34594 --- [    Test worker] o.a.c.c.C.[Tomcat].[localhost].[/]       : Initializing Spring FrameworkServlet ''
2020-05-14 15:57:30.726  INFO 34594 --- [    Test worker] o.s.t.web.servlet.TestDispatcherServlet  : FrameworkServlet '': initialization started
2020-05-14 15:57:30.730  INFO 34594 --- [    Test worker] o.s.t.web.servlet.TestDispatcherServlet  : FrameworkServlet '': initialization completed in 3 ms
2020-05-14 15:57:30.878  INFO 34594 --- [    Test worker] o.a.c.c.C.[Tomcat].[localhost].[/]       : Initializing Spring FrameworkServlet ''
2020-05-14 15:57:30.879  INFO 34594 --- [    Test worker] o.s.t.web.servlet.TestDispatcherServlet  : FrameworkServlet '': initialization started
2020-05-14 15:57:30.886  INFO 34594 --- [    Test worker] o.s.t.web.servlet.TestDispatcherServlet  : FrameworkServlet '': initialization completed in 7 ms
2020-05-14 15:57:30.905  INFO 34594 --- [    Test worker] o.a.c.c.C.[Tomcat].[localhost].[/]       : Initializing Spring FrameworkServlet ''
2020-05-14 15:57:30.905  INFO 34594 --- [    Test worker] o.s.t.web.servlet.TestDispatcherServlet  : FrameworkServlet '': initialization started
2020-05-14 15:57:30.913  INFO 34594 --- [    Test worker] o.s.t.web.servlet.TestDispatcherServlet  : FrameworkServlet '': initialization completed in 7 ms
2020-05-14 15:57:30.929  INFO 34594 --- [    Test worker] o.a.c.c.C.[Tomcat].[localhost].[/]       : Initializing Spring FrameworkServlet ''
2020-05-14 15:57:30.929  INFO 34594 --- [    Test worker] o.s.t.web.servlet.TestDispatcherServlet  : FrameworkServlet '': initialization started
2020-05-14 15:57:30.935  INFO 34594 --- [    Test worker] o.s.t.web.servlet.TestDispatcherServlet  : FrameworkServlet '': initialization completed in 6 ms
2020-05-14 15:57:30.955  INFO 34594 --- [    Test worker] o.a.c.c.C.[Tomcat].[localhost].[/]       : Initializing Spring FrameworkServlet ''
2020-05-14 15:57:30.955  INFO 34594 --- [    Test worker] o.s.t.web.servlet.TestDispatcherServlet  : FrameworkServlet '': initialization started
2020-05-14 15:57:30.963  INFO 34594 --- [    Test worker] o.s.t.web.servlet.TestDispatcherServlet  : FrameworkServlet '': initialization completed in 8 ms
2020-05-14 15:57:30.981  INFO 34594 --- [    Test worker] o.a.c.c.C.[Tomcat].[localhost].[/]       : Initializing Spring FrameworkServlet ''
2020-05-14 15:57:30.981  INFO 34594 --- [    Test worker] o.s.t.web.servlet.TestDispatcherServlet  : FrameworkServlet '': initialization started
2020-05-14 15:57:30.993  INFO 34594 --- [    Test worker] o.s.t.web.servlet.TestDispatcherServlet  : FrameworkServlet '': initialization completed in 12 ms
2020-05-14 15:57:31.003  INFO 34594 --- [    Test worker] o.a.c.c.C.[Tomcat].[localhost].[/]       : Initializing Spring FrameworkServlet ''
2020-05-14 15:57:31.003  INFO 34594 --- [    Test worker] o.s.t.web.servlet.TestDispatcherServlet  : FrameworkServlet '': initialization started
2020-05-14 15:57:31.006  INFO 34594 --- [    Test worker] o.s.t.web.servlet.TestDispatcherServlet  : FrameworkServlet '': initialization completed in 3 ms
2020-05-14 15:57:31.022  INFO 34594 --- [    Test worker] o.a.c.c.C.[Tomcat].[localhost].[/]       : Initializing Spring FrameworkServlet ''
2020-05-14 15:57:31.022  INFO 34594 --- [    Test worker] o.s.t.web.servlet.TestDispatcherServlet  : FrameworkServlet '': initialization started
2020-05-14 15:57:31.026  INFO 34594 --- [    Test worker] o.s.t.web.servlet.TestDispatcherServlet  : FrameworkServlet '': initialization completed in 4 ms
2020-05-14 15:57:31.035  INFO 34594 --- [    Test worker] o.a.c.c.C.[Tomcat].[localhost].[/]       : Initializing Spring FrameworkServlet ''
2020-05-14 15:57:31.036  INFO 34594 --- [    Test worker] o.s.t.web.servlet.TestDispatcherServlet  : FrameworkServlet '': initialization started
2020-05-14 15:57:31.043  INFO 34594 --- [    Test worker] o.s.t.web.servlet.TestDispatcherServlet  : FrameworkServlet '': initialization completed in 7 ms
2020-05-14 15:57:31.062  INFO 34594 --- [    Test worker] o.a.c.c.C.[Tomcat].[localhost].[/]       : Initializing Spring FrameworkServlet ''
2020-05-14 15:57:31.062  INFO 34594 --- [    Test worker] o.s.t.web.servlet.TestDispatcherServlet  : FrameworkServlet '': initialization started
2020-05-14 15:57:31.065  INFO 34594 --- [    Test worker] o.s.t.web.servlet.TestDispatcherServlet  : FrameworkServlet '': initialization completed in 3 ms
2020-05-14 15:57:31.077  INFO 34594 --- [    Test worker] o.a.c.c.C.[Tomcat].[localhost].[/]       : Initializing Spring FrameworkServlet ''
2020-05-14 15:57:31.077  INFO 34594 --- [    Test worker] o.s.t.web.servlet.TestDispatcherServlet  : FrameworkServlet '': initialization started
2020-05-14 15:57:31.083  INFO 34594 --- [    Test worker] o.s.t.web.servlet.TestDispatcherServlet  : FrameworkServlet '': initialization completed in 6 ms
2020-05-14 15:57:31.318  INFO 34594 --- [    Test worker] o.a.c.c.C.[Tomcat].[localhost].[/]       : Initializing Spring FrameworkServlet ''
2020-05-14 15:57:31.319  INFO 34594 --- [    Test worker] o.s.t.web.servlet.TestDispatcherServlet  : FrameworkServlet '': initialization started
2020-05-14 15:57:31.321  INFO 34594 --- [    Test worker] o.s.t.web.servlet.TestDispatcherServlet  : FrameworkServlet '': initialization completed in 2 ms
2020-05-14 15:57:31.336  INFO 34594 --- [    Test worker] o.a.c.c.C.[Tomcat].[localhost].[/]       : Initializing Spring FrameworkServlet ''
2020-05-14 15:57:31.336  INFO 34594 --- [    Test worker] o.s.t.web.servlet.TestDispatcherServlet  : FrameworkServlet '': initialization started
2020-05-14 15:57:31.339  INFO 34594 --- [    Test worker] o.s.t.web.servlet.TestDispatcherServlet  : FrameworkServlet '': initialization completed in 3 ms
2020-05-14 15:57:31.355  INFO 34594 --- [    Test worker] o.a.c.c.C.[Tomcat].[localhost].[/]       : Initializing Spring FrameworkServlet ''
2020-05-14 15:57:31.355  INFO 34594 --- [    Test worker] o.s.t.web.servlet.TestDispatcherServlet  : FrameworkServlet '': initialization started
2020-05-14 15:57:31.359  INFO 34594 --- [    Test worker] o.s.t.web.servlet.TestDispatcherServlet  : FrameworkServlet '': initialization completed in 3 ms
2020-05-14 15:57:31.376  INFO 34594 --- [    Test worker] o.a.c.c.C.[Tomcat].[localhost].[/]       : Initializing Spring FrameworkServlet ''
2020-05-14 15:57:31.377  INFO 34594 --- [    Test worker] o.s.t.web.servlet.TestDispatcherServlet  : FrameworkServlet '': initialization started
2020-05-14 15:57:31.382  INFO 34594 --- [    Test worker] o.s.t.web.servlet.TestDispatcherServlet  : FrameworkServlet '': initialization completed in 5 ms
2020-05-14 15:57:31.976  INFO 34594 --- [    Test worker] o.a.c.c.C.[Tomcat].[localhost].[/]       : Initializing Spring FrameworkServlet ''
2020-05-14 15:57:31.976  INFO 34594 --- [    Test worker] o.s.t.web.servlet.TestDispatcherServlet  : FrameworkServlet '': initialization started
2020-05-14 15:57:31.979  INFO 34594 --- [    Test worker] o.s.t.web.servlet.TestDispatcherServlet  : FrameworkServlet '': initialization completed in 3 ms
2020-05-14 15:57:31.991  INFO 34594 --- [    Test worker] o.a.c.c.C.[Tomcat].[localhost].[/]       : Initializing Spring FrameworkServlet ''
2020-05-14 15:57:31.992  INFO 34594 --- [    Test worker] o.s.t.web.servlet.TestDispatcherServlet  : FrameworkServlet '': initialization started
2020-05-14 15:57:31.995  INFO 34594 --- [    Test worker] o.s.t.web.servlet.TestDispatcherServlet  : FrameworkServlet '': initialization completed in 3 ms
2020-05-14 15:57:35.057  INFO 34594 --- [    Test worker] o.a.c.c.C.[Tomcat].[localhost].[/]       : Initializing Spring FrameworkServlet ''
2020-05-14 15:57:35.058  INFO 34594 --- [    Test worker] o.s.t.web.servlet.TestDispatcherServlet  : FrameworkServlet '': initialization started
2020-05-14 15:57:35.060  INFO 34594 --- [    Test worker] o.s.t.web.servlet.TestDispatcherServlet  : FrameworkServlet '': initialization completed in 2 ms
2020-05-14 15:57:35.250  INFO 34594 --- [    Test worker] o.a.c.c.C.[Tomcat].[localhost].[/]       : Initializing Spring FrameworkServlet ''
2020-05-14 15:57:35.250  INFO 34594 --- [    Test worker] o.s.t.web.servlet.TestDispatcherServlet  : FrameworkServlet '': initialization started
2020-05-14 15:57:35.255  INFO 34594 --- [    Test worker] o.s.t.web.servlet.TestDispatcherServlet  : FrameworkServlet '': initialization completed in 4 ms
2020-05-14 15:57:35.268  INFO 34594 --- [    Test worker] o.a.c.c.C.[Tomcat].[localhost].[/]       : Initializing Spring FrameworkServlet ''
2020-05-14 15:57:35.268  INFO 34594 --- [    Test worker] o.s.t.web.servlet.TestDispatcherServlet  : FrameworkServlet '': initialization started
2020-05-14 15:57:35.271  INFO 34594 --- [    Test worker] o.s.t.web.servlet.TestDispatcherServlet  : FrameworkServlet '': initialization completed in 3 ms
2020-05-14 15:57:35.291  INFO 34594 --- [    Test worker] o.h.h.i.QueryTranslatorFactoryInitiator  : HHH000397: Using ASTQueryTranslatorFactory
2020-05-14 15:57:35.499  INFO 34594 --- [    Test worker] o.a.c.c.C.[Tomcat].[localhost].[/]       : Initializing Spring FrameworkServlet ''
2020-05-14 15:57:35.499  INFO 34594 --- [    Test worker] o.s.t.web.servlet.TestDispatcherServlet  : FrameworkServlet '': initialization started
2020-05-14 15:57:35.503  INFO 34594 --- [    Test worker] o.s.t.web.servlet.TestDispatcherServlet  : FrameworkServlet '': initialization completed in 4 ms
]]></system-out>
  <system-err><![CDATA[]]></system-err>
</testsuite>
